mode: count
github.com/przebro/mongobazaar/store/mongo.go:30.13,32.2 1 1
github.com/przebro/mongobazaar/store/mongo.go:34.68,38.20 2 5
github.com/przebro/mongobazaar/store/mongo.go:42.2,44.80 2 4
github.com/przebro/mongobazaar/store/mongo.go:52.2,55.16 3 4
github.com/przebro/mongobazaar/store/mongo.go:59.2,60.16 2 4
github.com/przebro/mongobazaar/store/mongo.go:64.2,66.77 2 4
github.com/przebro/mongobazaar/store/mongo.go:38.20,41.3 1 1
github.com/przebro/mongobazaar/store/mongo.go:44.80,50.3 2 3
github.com/przebro/mongobazaar/store/mongo.go:55.16,57.3 1 0
github.com/przebro/mongobazaar/store/mongo.go:60.16,62.3 1 0
github.com/przebro/mongobazaar/store/mongo.go:69.102,73.35 2 2
github.com/przebro/mongobazaar/store/mongo.go:77.2,77.55 1 1
github.com/przebro/mongobazaar/store/mongo.go:73.35,75.3 1 1
github.com/przebro/mongobazaar/store/mongo.go:80.108,84.2 2 1
github.com/przebro/mongobazaar/store/mongo.go:87.66,92.2 2 1
github.com/przebro/mongobazaar/store/mongo.go:95.49,97.2 1 1
github.com/przebro/mongobazaar/collection/mongo.go:26.103,31.2 2 1
github.com/przebro/mongobazaar/collection/mongo.go:33.109,38.16 3 3
github.com/przebro/mongobazaar/collection/mongo.go:41.2,41.14 1 3
github.com/przebro/mongobazaar/collection/mongo.go:45.2,47.16 2 2
github.com/przebro/mongobazaar/collection/mongo.go:51.2,52.16 2 2
github.com/przebro/mongobazaar/collection/mongo.go:56.2,60.17 3 2
github.com/przebro/mongobazaar/collection/mongo.go:38.16,40.3 1 0
github.com/przebro/mongobazaar/collection/mongo.go:41.14,43.3 1 1
github.com/przebro/mongobazaar/collection/mongo.go:47.16,49.3 1 0
github.com/przebro/mongobazaar/collection/mongo.go:52.16,54.3 1 0
github.com/przebro/mongobazaar/collection/mongo.go:62.112,65.16 2 1
github.com/przebro/mongobazaar/collection/mongo.go:69.2,70.36 2 1
github.com/przebro/mongobazaar/collection/mongo.go:75.2,75.17 1 1
github.com/przebro/mongobazaar/collection/mongo.go:65.16,67.3 1 0
github.com/przebro/mongobazaar/collection/mongo.go:70.36,73.3 1 9
github.com/przebro/mongobazaar/collection/mongo.go:77.91,82.16 3 1
github.com/przebro/mongobazaar/collection/mongo.go:86.2,87.22 2 1
github.com/przebro/mongobazaar/collection/mongo.go:90.2,91.16 2 1
github.com/przebro/mongobazaar/collection/mongo.go:94.2,94.12 1 1
github.com/przebro/mongobazaar/collection/mongo.go:82.16,84.3 1 0
github.com/przebro/mongobazaar/collection/mongo.go:87.22,89.3 1 0
github.com/przebro/mongobazaar/collection/mongo.go:91.16,93.3 1 0
github.com/przebro/mongobazaar/collection/mongo.go:97.128,107.16 7 2
github.com/przebro/mongobazaar/collection/mongo.go:111.2,111.32 1 2
github.com/przebro/mongobazaar/collection/mongo.go:107.16,109.3 1 0
github.com/przebro/mongobazaar/collection/mongo.go:113.80,116.16 2 2
github.com/przebro/mongobazaar/collection/mongo.go:119.2,119.14 1 2
github.com/przebro/mongobazaar/collection/mongo.go:123.2,127.12 3 1
github.com/przebro/mongobazaar/collection/mongo.go:116.16,118.3 1 0
github.com/przebro/mongobazaar/collection/mongo.go:119.14,121.3 1 1
github.com/przebro/mongobazaar/collection/mongo.go:129.80,132.16 2 1
github.com/przebro/mongobazaar/collection/mongo.go:135.2,135.14 1 1
github.com/przebro/mongobazaar/collection/mongo.go:139.2,143.12 4 1
github.com/przebro/mongobazaar/collection/mongo.go:132.16,134.3 1 0
github.com/przebro/mongobazaar/collection/mongo.go:135.14,137.3 1 0
github.com/przebro/mongobazaar/collection/cursor.go:13.69,15.2 1 1
github.com/przebro/mongobazaar/collection/cursor.go:16.54,18.2 1 6
github.com/przebro/mongobazaar/collection/cursor.go:19.51,21.2 1 5
github.com/przebro/mongobazaar/collection/cursor.go:22.37,24.2 1 1
